2017/02/24 08:14:00 INFO  - jmeter.util.JMeterUtils: Setting Locale to en_US 
2017/02/24 08:14:00 INFO  - jmeter.JMeter: Loading user properties from: /home/tuff/github/Calidad-Y-Pruebas/P2/apache-jmeter-3.1/bin/user.properties 
2017/02/24 08:14:00 INFO  - jmeter.JMeter: Loading system properties from: /home/tuff/github/Calidad-Y-Pruebas/P2/apache-jmeter-3.1/bin/system.properties 
2017/02/24 08:14:00 INFO  - jmeter.JMeter: Setting System property: server_port=1099 
2017/02/24 08:14:00 INFO  - jmeter.JMeter: Setting System property: java.rmi.server.hostname=127.0.0.1:4444 
2017/02/24 08:14:00 INFO  - jmeter.JMeter: Copyright (c) 1998-2016 The Apache Software Foundation 
2017/02/24 08:14:00 INFO  - jmeter.JMeter: Version 3.1 r1770033 
2017/02/24 08:14:00 INFO  - jmeter.JMeter: java.version=1.8.0_121 
2017/02/24 08:14:00 INFO  - jmeter.JMeter: java.vm.name=Java HotSpot(TM) 64-Bit Server VM 
2017/02/24 08:14:00 INFO  - jmeter.JMeter: os.name=Linux 
2017/02/24 08:14:00 INFO  - jmeter.JMeter: os.arch=amd64 
2017/02/24 08:14:00 INFO  - jmeter.JMeter: os.version=4.4.0-64-generic 
2017/02/24 08:14:00 INFO  - jmeter.JMeter: file.encoding=UTF-8 
2017/02/24 08:14:00 INFO  - jmeter.JMeter: Max memory     =514850816 
2017/02/24 08:14:00 INFO  - jmeter.JMeter: Available Processors =8 
2017/02/24 08:14:00 INFO  - jmeter.JMeter: Default Locale=English (United States) 
2017/02/24 08:14:00 INFO  - jmeter.JMeter: JMeter  Locale=English (United States) 
2017/02/24 08:14:00 INFO  - jmeter.JMeter: JMeterHome=/home/tuff/github/Calidad-Y-Pruebas/P2/apache-jmeter-3.1 
2017/02/24 08:14:00 INFO  - jmeter.JMeter: user.dir  =/home/tuff/github/Calidad-Y-Pruebas/P2/apache-jmeter-3.1/bin 
2017/02/24 08:14:00 INFO  - jmeter.JMeter: PWD       =/home/tuff/github/Calidad-Y-Pruebas/P2/apache-jmeter-3.1/bin 
2017/02/24 08:14:00 INFO  - jmeter.JMeter: IP: 127.0.1.1 Name: tuff FullName: tuff 
2017/02/24 08:14:00 INFO  - jmeter.engine.RemoteJMeterEngineImpl: Starting backing engine on 1099 
2017/02/24 08:14:00 INFO  - jmeter.engine.RemoteJMeterEngineImpl: Resolving by name the value of System property 'java.rmi.server.hostname':127.0.0.1:4444 
2017/02/24 08:14:00 ERROR - jmeter.JMeter: Giving up, as server failed with: java.rmi.RemoteException: Cannot start. Unable to get local host IP address.; nested exception is: 
	java.net.UnknownHostException: 127.0.0.1:4444: invalid IPv6 address
	at org.apache.jmeter.engine.RemoteJMeterEngineImpl.init(RemoteJMeterEngineImpl.java:98)
	at org.apache.jmeter.engine.RemoteJMeterEngineImpl.startServer(RemoteJMeterEngineImpl.java:81)
	at org.apache.jmeter.JMeter.start(JMeter.java:460)
	at sun.reflect.NativeMethodAccessorImpl.invoke0(Native Method)
	at sun.reflect.NativeMethodAccessorImpl.invoke(NativeMethodAccessorImpl.java:62)
	at sun.reflect.DelegatingMethodAccessorImpl.invoke(DelegatingMethodAccessorImpl.java:43)
	at java.lang.reflect.Method.invoke(Method.java:498)
	at org.apache.jmeter.NewDriver.main(NewDriver.java:259)
Caused by: java.net.UnknownHostException: 127.0.0.1:4444: invalid IPv6 address
	at java.net.InetAddress.getAllByName(InetAddress.java:1169)
	at java.net.InetAddress.getAllByName(InetAddress.java:1126)
	at java.net.InetAddress.getByName(InetAddress.java:1076)
	at org.apache.jmeter.engine.RemoteJMeterEngineImpl.init(RemoteJMeterEngineImpl.java:95)
	... 7 more

2017/02/24 08:14:00 FATAL - jmeter.JMeter: An error occurred:  java.rmi.RemoteException: Cannot start. Unable to get local host IP address.; nested exception is: 
	java.net.UnknownHostException: 127.0.0.1:4444: invalid IPv6 address
	at org.apache.jmeter.engine.RemoteJMeterEngineImpl.init(RemoteJMeterEngineImpl.java:98)
	at org.apache.jmeter.engine.RemoteJMeterEngineImpl.startServer(RemoteJMeterEngineImpl.java:81)
	at org.apache.jmeter.JMeter.start(JMeter.java:460)
	at sun.reflect.NativeMethodAccessorImpl.invoke0(Native Method)
	at sun.reflect.NativeMethodAccessorImpl.invoke(NativeMethodAccessorImpl.java:62)
	at sun.reflect.DelegatingMethodAccessorImpl.invoke(DelegatingMethodAccessorImpl.java:43)
	at java.lang.reflect.Method.invoke(Method.java:498)
	at org.apache.jmeter.NewDriver.main(NewDriver.java:259)
Caused by: java.net.UnknownHostException: 127.0.0.1:4444: invalid IPv6 address
	at java.net.InetAddress.getAllByName(InetAddress.java:1169)
	at java.net.InetAddress.getAllByName(InetAddress.java:1126)
	at java.net.InetAddress.getByName(InetAddress.java:1076)
	at org.apache.jmeter.engine.RemoteJMeterEngineImpl.init(RemoteJMeterEngineImpl.java:95)
	... 7 more

